   1              		.file	"vs1002.c"
   9              	.Ltext0:
  10              		.align	2
  11              		.global	vs1002Config
  13              	vs1002Config:
  14              	.LFB3:
  15              		.file 1 "../lib/vs1002.c"
   1:../lib/vs1002.c **** /* *********************************************************
   2:../lib/vs1002.c **** 	VS1002 MP3 Library. 
   3:../lib/vs1002.c **** 	Must include the vs1002.h header file.  
   4:../lib/vs1002.c **** 	Variable SONG_BYTES_BUFFEREDs should be defined in an 
   5:../lib/vs1002.c **** 	external header file and included in this library.
   6:../lib/vs1002.c **** 	
   7:../lib/vs1002.c **** 	Library contains the following functions:
   8:../lib/vs1002.c **** 	
   9:../lib/vs1002.c **** 	vs1002_initialize(void);		
  10:../lib/vs1002.c **** 	vs1002_SCI_read(unsigned char);
  11:../lib/vs1002.c **** 	vs1002_SCI_write(unsigned char, unsigned short int);
  12:../lib/vs1002.c **** 	vs1002_send_music(unsigned char*);
  13:../lib/vs1002.c **** 	vs1002_sineTest(unsigned char);
  14:../lib/vs1002.c **** 	vs1002_config(void);
  15:../lib/vs1002.c **** 	vs1002_finish(void);
  16:../lib/vs1002.c **** 	vs1002_mute(void);
  17:../lib/vs1002.c **** 	vs1002_setVolume(char setting);
  18:../lib/vs1002.c **** 	
  19:../lib/vs1002.c **** 	Written by Ryan Owens - 2/1/2008
  20:../lib/vs1002.c ****   ********************************************************* */
  21:../lib/vs1002.c **** 
  22:../lib/vs1002.c **** /**********************************************************
  23:../lib/vs1002.c ****                   Header files
  24:../lib/vs1002.c ****  **********************************************************/
  25:../lib/vs1002.c **** #include "LPC214x.h"		//Common LPC2148 definitions
  26:../lib/vs1002.c **** #include "spi0.h"			//SPI port 0 communication
  27:../lib/vs1002.c **** #include "MP3dev.h"			//Defines SONG_BYTES_BUFFERED
  28:../lib/vs1002.c **** #include "vs1002.h"			//Contains Registers/Bit Masks for vs1002
  29:../lib/vs1002.c **** #include "rprintf.h"
  30:../lib/vs1002.c **** #include "serial.h"
  31:../lib/vs1002.c **** 
  32:../lib/vs1002.c **** /**********************************************************
  33:../lib/vs1002.c ****                        Functions
  34:../lib/vs1002.c **** **********************************************************/
  35:../lib/vs1002.c **** //Usage: vs1002Init();
  36:../lib/vs1002.c **** //Inputs: None
  37:../lib/vs1002.c **** //Outputs: None
  38:../lib/vs1002.c **** //Description: Initializes the vs1002 mp3 player to "New" modes
  39:../lib/vs1002.c **** //			   and double clock frequency.
  40:../lib/vs1002.c **** void vs1002Init(void){
  41:../lib/vs1002.c **** 	vs1002SCIWrite(SCI_MODE, SM_SDINEW);
  42:../lib/vs1002.c **** 	delay_ms(1);
  43:../lib/vs1002.c **** 	vs1002SCIWrite(SCI_CLOCKF, (SC_DOUBLECLK | SC_INCLK));
  44:../lib/vs1002.c **** }
  45:../lib/vs1002.c **** 
  46:../lib/vs1002.c **** //Usage: vs1002Config()
  47:../lib/vs1002.c **** //Inputs: None
  48:../lib/vs1002.c **** //Outputs: None
  49:../lib/vs1002.c **** //Description: Configures the LPC2148 for communication with the mp3 player
  50:../lib/vs1002.c **** void vs1002Config(void){
  16              	 Function supports interworking.
  17              		@ args = 0, pretend = 0, frame = 0
  18              		@ frame_needed = 0, uses_anonymous_args = 0
  19              		@ link register save eliminated.
  20              		.loc 1 53 0
  51:../lib/vs1002.c **** SO_PINSEL | MOSI_PINSEL);	// SPI pin connections
  52:../lib/vs1002.c **** 	PINSEL0 &= 0x0FFFFF0F;									
  53:../lib/vs1002.c **** 	
  21              	r3, .L3
  22 0000 1C309FE5 		ldr	r2, [r3, #0]
  23 0004 002093E5 		orr	r2, r2, #5376
  24 0008 152C82E3 		str	r2, [r3, #0]
  25 000c 002083E5 		.loc 1 54 0
  54:../lib/vs1002.c **** I/O Ports
  26              	r2, [r3, #0]
  27 0010 002093E5 		bic	r2, r2, #-268435456
  28 0014 0F22C2E3 		bic	r2, r2, #240
  29 0018 F020C2E3 		.loc 1 50 0
  30              		@ lr needed for prologue
  31              		.loc 1 54 0
  32              		str	r2, [r3, #0]
  33 001c 002083E5 		.loc 1 56 0
  55:../lib/vs1002.c **** one
  56:../lib/vs1002.c **** //Description: Configures the LPC2148 for communication with the mp3 player
  34              	L4:
  35 0020 1EFF2FE1 		.align	2
  36              	.L3:
  37              		.word	-536690688
  38              	.LFE3:
  40              		.align	2
  41              		.global	vs1002Finish
  43              	vs1002Finish:
  44              	.LFB4:
  45              		.loc 1 62 0
  46              		@ Function supports interworking.
  57:../lib/vs1002.c **** Usage: vs1002Config()
  58:../lib/vs1002.c **** //Inputs: None
  59:../lib/vs1002.c **** //Outputs: None
  60:../lib/vs1002.c **** //Description: Configures the LPC2148 for communication with the mp3 player
  61:../lib/vs1002.c **** void vs1002Config(void){
  62:../lib/vs1002.c **** 	
  47              	pretend = 0, frame = 0
  48              		@ frame_needed = 0, uses_anonymous_args = 0
  49              		@ link register save eliminated.
  50              		.loc 1 63 0
  51              		ldr	r2, .L7
  63:../lib/vs1002.c **** s: None
  52              	r3, [r2, #0]
  53 0028 10209FE5 		bic	r3, r3, #16320
  54 002c 003092E5 		bic	r3, r3, #48
  55 0030 FF3DC3E3 		.loc 1 62 0
  56 0034 3030C3E3 		@ lr needed for prologue
  57              		.loc 1 63 0
  58              		str	r3, [r2, #0]
  59              		.loc 1 64 0
  60 0038 003082E5 		bx	lr
  64:../lib/vs1002.c **** _MODE, SM_SDINEW);
  61              	ign	2
  62 003c 1EFF2FE1 	.L7:
  63              		.word	-536690688
  64              	.LFE4:
  66 0040 00C002E0 		.align	2
  67              		.global	vs1002Reset
  69              	vs1002Reset:
  70              	.LFB11:
  71              		.loc 1 172 0
  72              		@ Function supports interworking.
  73              		@ args = 0, pretend = 0, frame = 0
  65:../lib/vs1002.c **** es the vs1002 mp3 player to "New" modes
  66:../lib/vs1002.c **** //			   and double clock frequency.
  67:../lib/vs1002.c **** void vs1002Init(void){
  68:../lib/vs1002.c **** 	vs1002SCIWrite(SCI_MODE, SM_SDINEW);
  69:../lib/vs1002.c **** 	delay_ms(1);
  70:../lib/vs1002.c **** 	vs1002SCIWrite(SCI_CLOCKF, (SC_DOUBLECLK | SC_INCLK));
  71:../lib/vs1002.c **** }
  72:../lib/vs1002.c **** 
  73:../lib/vs1002.c **** //Usage: vs1002Config()
  74:../lib/vs1002.c **** //Inputs: None
  75:../lib/vs1002.c **** //Outputs: None
  76:../lib/vs1002.c **** //Description: Configures the LPC2148 for communication with the mp3 player
  77:../lib/vs1002.c **** void vs1002Config(void){
  78:../lib/vs1002.c **** 	
  79:../lib/vs1002.c **** 	//Setup I/O Ports
  80:../lib/vs1002.c **** 	PINSEL0	|= (SCLK_PINSEL | MISO_PINSEL | MOSI_PINSEL);	// SPI pin connections
  81:../lib/vs1002.c **** 	PINSEL0 &= 0x0FFFFF0F;									
  82:../lib/vs1002.c **** 	
  83:../lib/vs1002.c **** }
  84:../lib/vs1002.c **** 
  85:../lib/vs1002.c **** //Usage: vs1002Finish();
  86:../lib/vs1002.c **** //Inputs: None
  87:../lib/vs1002.c **** //Outputs: None
  88:../lib/vs1002.c **** //Description: Relinquishes control of the SPI lines to the MP3 player
  89:../lib/vs1002.c **** void vs1002Finish(void){
  90:../lib/vs1002.c **** 	PINSEL0 &= 0xFFFFC00F;		// Relinquish SPI pin connections
  91:../lib/vs1002.c **** }
  92:../lib/vs1002.c **** 
  93:../lib/vs1002.c **** //Usage: register_value = vs1002SCIRead(SCI_MODE);
  94:../lib/vs1002.c **** //Inputs: unsigned char address - Address of the register to be read
  95:../lib/vs1002.c **** //Ouputs: None
  96:../lib/vs1002.c **** //Description: Returns the value of the vs1002 register defined by "address"
  97:../lib/vs1002.c **** unsigned short int vs1002SCIRead(unsigned char address)
  98:../lib/vs1002.c **** {
  99:../lib/vs1002.c **** 	unsigned short int temp;
 100:../lib/vs1002.c **** 	SELECT_MP3_SCI();
 101:../lib/vs1002.c **** 	
 102:../lib/vs1002.c **** 	//delay_ms(1);
 103:../lib/vs1002.c **** 	SPI0_send(READ_COMMAND);
 104:../lib/vs1002.c **** 	SPI0_send(address);
 105:../lib/vs1002.c ****    	temp = 	SPI0_recv();					
 106:../lib/vs1002.c ****    	temp <<= 8;							
 107:../lib/vs1002.c ****    	temp |= SPI0_recv();				
 108:../lib/vs1002.c **** 	//delay_ms(1);
 109:../lib/vs1002.c **** 	UNSELECT_MP3_SCI();
 110:../lib/vs1002.c **** 	
 111:../lib/vs1002.c **** 	delay_ms(1);
 112:../lib/vs1002.c **** 	return temp;
 113:../lib/vs1002.c **** }
 114:../lib/vs1002.c **** 
 115:../lib/vs1002.c **** //Usage: vs1002SCIWrite(SCI_MODE, SM_SDINEW);
 116:../lib/vs1002.c **** //Inputs: unsigned char address - Adress of the register to be written to
 117:../lib/vs1002.c **** //		  unsigned short int data - Data to write to the register
 118:../lib/vs1002.c **** //Outputs: None
 119:../lib/vs1002.c **** //Description: Writes "data" to the register defined in "address"
 120:../lib/vs1002.c **** void vs1002SCIWrite(unsigned char address, unsigned short int data)
 121:../lib/vs1002.c **** {	
 122:../lib/vs1002.c **** 	SELECT_MP3_SCI();
 123:../lib/vs1002.c **** 
 124:../lib/vs1002.c **** 	SPI0_send(WRITE_COMMAND);
 125:../lib/vs1002.c **** 	SPI0_send(address);
 126:../lib/vs1002.c **** 	SPI0_send(data >> 8);						// Send High Byte of data
 127:../lib/vs1002.c **** 	SPI0_send(data & 0x00ff);					// Send Low Byte of data
 128:../lib/vs1002.c **** 
 129:../lib/vs1002.c **** 	UNSELECT_MP3_SCI();
 130:../lib/vs1002.c **** 	delay_ms(1);
 131:../lib/vs1002.c **** }
 132:../lib/vs1002.c **** 
 133:../lib/vs1002.c **** //Usage: vs1002SineTest(126);
 134:../lib/vs1002.c **** //Inputs: unsigned char pitch - pitch of the sine wave to be produced
 135:../lib/vs1002.c **** //Outputs: None
 136:../lib/vs1002.c **** //Description: Runs the Sine Test defined in the vs1002 datasheet
 137:../lib/vs1002.c **** //**NOTE: ** for a sine wave test @ 5168 hz, send sequence: 0x53, 0xEF, 0x6E, 126, 0, 0, 0, 0
 138:../lib/vs1002.c **** void vs1002SineTest(unsigned char pitch)
 139:../lib/vs1002.c **** {
 140:../lib/vs1002.c **** 	SELECT_MP3_SDI();
 141:../lib/vs1002.c **** 	
 142:../lib/vs1002.c ****    	SPI0_send(0x53);
 143:../lib/vs1002.c **** 	SPI0_send(0xEF);
 144:../lib/vs1002.c **** 	SPI0_send(0x6E);
 145:../lib/vs1002.c ****    	SPI0_send(pitch);						//Send the Pitch	
 146:../lib/vs1002.c **** 	SPI0_send(0);
 147:../lib/vs1002.c **** 	SPI0_send(0);
 148:../lib/vs1002.c **** 	SPI0_send(0);
 149:../lib/vs1002.c **** 	SPI0_send(0);
 150:../lib/vs1002.c **** 	
 151:../lib/vs1002.c ****    	UNSELECT_MP3_SDI();
 152:../lib/vs1002.c **** }
 153:../lib/vs1002.c **** 
 154:../lib/vs1002.c **** //Usage: vs1002Mute();
 155:../lib/vs1002.c **** //Inputs: None
 156:../lib/vs1002.c **** //Outputs: None
 157:../lib/vs1002.c **** //Description: Mutes the output of the vs1002 MP3 player
 158:../lib/vs1002.c **** void vs1002Mute(void){
 159:../lib/vs1002.c **** 	vs1002SCIWrite(SCI_VOL, SV_MUTE);
 160:../lib/vs1002.c **** }
 161:../lib/vs1002.c **** 
 162:../lib/vs1002.c **** 
 163:../lib/vs1002.c **** //Usage: vs1002SetVolume(INCREASE);
 164:../lib/vs1002.c **** //Inputs: char setting - either INCREASE(1) or DECREASE(0)
 165:../lib/vs1002.c **** //Outputs: None
 166:../lib/vs1002.c **** //Description: Increases or decreases the volume of the MP3 player based on the value of "setting"
 167:../lib/vs1002.c **** void vs1002SetVolume(char setting){
 168:../lib/vs1002.c **** 	unsigned short int currentVolume=0;
 169:../lib/vs1002.c **** 	
 170:../lib/vs1002.c **** 	currentVolume = vs1002SCIRead(SCI_VOL);
 171:../lib/vs1002.c **** 	if(setting == INCREASE){
 172:../lib/vs1002.c **** 		if(currentVolume == SV_MAX_VOLUME);	//Don't Change the current volume
  74              	ed = 0, uses_anonymous_args = 0
  75              		stmfd	sp!, {r4, r5, lr}
  76              	.LCFI0:
  77              		.loc 1 174 0
  78 0044 30402DE9 		ldr	r4, .L11
  79              		.loc 1 175 0
 173:../lib/vs1002.c **** /Don't Change the current volume
 174:../lib/vs1002.c **** 		else currentVolume -= 0x0808;		//Increment both channels equally
  80              	5, #16777216
  81 0048 20409FE5 		.loc 1 174 0
 175:../lib/vs1002.c **** Increment both channels equally
  82              	ov	r3, #131072
  83 004c 0154A0E3 		str	r3, [r4, #12]
  84              		.loc 1 176 0
  85 0050 0238A0E3 		mov	r0, #10
  86 0054 0C3084E5 		.loc 1 175 0
 176:../lib/vs1002.c **** Increment both channels equally
  87              	r5, [r4, #28]
  88 0058 0A00A0E3 		.loc 1 176 0
  89              		bl	delay_ms
  90 005c 1C5084E5 		.loc 1 177 0
  91              		str	r5, [r4, #20]
  92 0060 FEFFFFEB 		.loc 1 178 0
 177:../lib/vs1002.c **** Increment both channels equally
  93              		sp!, {r4, r5, lr}
  94 0064 145084E5 		bx	lr
 178:../lib/vs1002.c **** Increment both channels equally
  95              	12:
  96 0068 3040BDE8 		.align	2
  97 006c 1EFF2FE1 	.L11:
  98              		.word	-536707072
  99              	.LFE11:
 101 0070 008002E0 		.align	2
 102              		.global	vs1002SendMusic
 104              	vs1002SendMusic:
 105              	.LFB10:
 106              		.loc 1 160 0
 107              		@ Function supports interworking.
 108              		@ args = 0, pretend = 0, frame = 0
 109              		@ frame_needed = 0, uses_anonymous_args = 0
 110              	.LVL0:
 111              		stmfd	sp!, {r4, r5, r6, lr}
 112              	.LCFI1:
 113              		.loc 1 161 0
 114 0074 70402DE9 		ldr	r3, .L18
 115              		mov	r2, #65536
 116              		.loc 1 160 0
 117 0078 3C309FE5 		mov	r6, r0
 118 007c 0128A0E3 		mov	r5, r1
 119              		.loc 1 161 0
 120 0080 0060A0E1 		mov	r4, #0
 121 0084 0150A0E1 	.LVL1:
 122              		str	r2, [r3, #28]
 123 0088 0040A0E3 		b	.L14
 124              	.LVL2:
 125 008c 1C2083E5 	.L15:
 126 0090 020000EA 	.LBB2:
 127              		.loc 1 163 0
 128              		ldrb	r0, [r4, r6]	@ zero_extendqisi2
 129              		bl	SPI0_send
 130              		.loc 1 162 0
 131 0094 0600D4E7 		add	r4, r4, #1
 132 0098 FEFFFFEB 	.LVL3:
 133              	.L14:
 134 009c 014084E2 		cmp	r4, r5
 135              		blt	.L15
 136              	.LBE2:
 137 00a0 050054E1 		.loc 1 165 0
 138 00a4 FAFFFFBA 		ldr	r3, .L18
 139              		mov	r2, #65536
 140              		str	r2, [r3, #20]
 141 00a8 0C309FE5 		.loc 1 166 0
 142 00ac 0128A0E3 		ldmfd	sp!, {r4, r5, r6, lr}
 143 00b0 142083E5 		bx	lr
 144              	.L19:
 145 00b4 7040BDE8 		.align	2
 146 00b8 1EFF2FE1 	.L18:
 147              		.word	-536707072
 148              	.LFE10:
 150 00bc 008002E0 		.align	2
 151              		.global	vs1002SineTest
 153              	vs1002SineTest:
 154              	.LFB7:
 155              		.loc 1 112 0
 156              		@ Function supports interworking.
 157              		@ args = 0, pretend = 0, frame = 0
 158              		@ frame_needed = 0, uses_anonymous_args = 0
 159              	.LVL4:
 160              		stmfd	sp!, {r4, r5, r6, lr}
 161              	.LCFI2:
 162              		.loc 1 113 0
 163 00c0 70402DE9 		ldr	r4, .L22
 164              		mov	r6, #65536
 165              		.loc 1 112 0
 166 00c4 58409FE5 		mov	r5, r0
 167 00c8 0168A0E3 		.loc 1 113 0
 168              		str	r6, [r4, #28]
 169 00cc 0050A0E1 		.loc 1 115 0
 170              		mov	r0, #83
 171 00d0 1C6084E5 	.LVL5:
 172              		bl	SPI0_send
 173 00d4 5300A0E3 		.loc 1 116 0
 174              		mov	r0, #239
 175 00d8 FEFFFFEB 		bl	SPI0_send
 176              		.loc 1 112 0
 177 00dc EF00A0E3 		and	r5, r5, #255
 178 00e0 FEFFFFEB 		.loc 1 117 0
 179              		mov	r0, #110
 180 00e4 FF5005E2 		bl	SPI0_send
 181              		.loc 1 118 0
 182 00e8 6E00A0E3 		mov	r0, r5
 183 00ec FEFFFFEB 		bl	SPI0_send
 184              		.loc 1 119 0
 185 00f0 0500A0E1 		mov	r0, #0
 186 00f4 FEFFFFEB 		bl	SPI0_send
 187              		.loc 1 120 0
 188 00f8 0000A0E3 		mov	r0, #0
 189 00fc FEFFFFEB 		bl	SPI0_send
 190              		.loc 1 121 0
 191 0100 0000A0E3 		mov	r0, #0
 192 0104 FEFFFFEB 		bl	SPI0_send
 193              		.loc 1 122 0
 194 0108 0000A0E3 		mov	r0, #0
 195 010c FEFFFFEB 		bl	SPI0_send
 196              		.loc 1 124 0
 197 0110 0000A0E3 		str	r6, [r4, #20]
 198 0114 FEFFFFEB 		.loc 1 125 0
 199              		ldmfd	sp!, {r4, r5, r6, lr}
 200 0118 146084E5 		bx	lr
 201              	.L23:
 202 011c 7040BDE8 		.align	2
 203 0120 1EFF2FE1 	.L22:
 204              		.word	-536707072
 205              	.LFE7:
 207 0124 008002E0 		.align	2
 208              		.global	vs1002SCIWrite
 210              	vs1002SCIWrite:
 211              	.LFB6:
 212              		.loc 1 94 0
 213              		@ Function supports interworking.
 214              		@ args = 0, pretend = 0, frame = 0
 215              		@ frame_needed = 0, uses_anonymous_args = 0
 216              	.LVL6:
 217              		stmfd	sp!, {r4, r5, r6, r7, lr}
 218              	.LCFI3:
 219              		.loc 1 95 0
 220 0128 F0402DE9 		ldr	r7, .L26
 221              		mov	r6, #1048576
 222              		.loc 1 94 0
 223 012c 48709FE5 		and	r5, r0, #255
 224 0130 0166A0E3 		.loc 1 95 0
 225              		str	r6, [r7, #12]
 226 0134 FF5000E2 		.loc 1 97 0
 227              		mov	r0, #2
 228 0138 0C6087E5 	.LVL7:
 229              		.loc 1 94 0
 230 013c 0200A0E3 		mov	r4, r1, asl #16
 231              		.loc 1 97 0
 232              		bl	SPI0_send
 233 0140 0148A0E1 	.LVL8:
 234              		.loc 1 98 0
 235 0144 FEFFFFEB 		mov	r0, r5
 236              		bl	SPI0_send
 237              		.loc 1 99 0
 238 0148 0500A0E1 		mov	r0, r4, lsr #24
 239 014c FEFFFFEB 		.loc 1 94 0
 240              		mov	r4, r4, lsr #16
 241 0150 240CA0E1 	.LVL9:
 242              		.loc 1 100 0
 243 0154 2448A0E1 		and	r4, r4, #255
 244              	.LVL10:
 245              		.loc 1 99 0
 246 0158 FF4004E2 		bl	SPI0_send
 247              		.loc 1 100 0
 248              		mov	r0, r4
 249 015c FEFFFFEB 		bl	SPI0_send
 250              		.loc 1 103 0
 251 0160 0400A0E1 		mov	r0, #1
 252 0164 FEFFFFEB 		.loc 1 102 0
 253              		str	r6, [r7, #4]
 254 0168 0100A0E3 		.loc 1 103 0
 255              		bl	delay_ms
 256 016c 046087E5 		.loc 1 104 0
 257              		ldmfd	sp!, {r4, r5, r6, r7, lr}
 258 0170 FEFFFFEB 		bx	lr
 259              	.L27:
 260 0174 F040BDE8 		.align	2
 261 0178 1EFF2FE1 	.L26:
 262              		.word	-536707072
 263              	.LFE6:
 265 017c 008002E0 		.align	2
 266              		.global	vs1002Mute
 268              	vs1002Mute:
 269              	.LFB8:
 270              		.loc 1 131 0
 271              		@ Function supports interworking.
 272              		@ args = 0, pretend = 0, frame = 0
 273              		@ frame_needed = 0, uses_anonymous_args = 0
 274              		@ link register save eliminated.
 275              		.loc 1 132 0
 276              		ldr	r1, .L30
 277              		mov	r0, #11
 278              		.loc 1 131 0
 279 0180 04109FE5 		@ lr needed for prologue
 280 0184 0B00A0E3 		.loc 1 133 0
 281              		.loc 1 132 0
 282              		b	vs1002SCIWrite
 283              	.L31:
 284              		.align	2
 285 0188 FEFFFFEA 	.L30:
 286              		.word	65535
 287              	.LFE8:
 289 018c FFFF0000 		.align	2
 290              		.global	vs1002Init
 292              	vs1002Init:
 293              	.LFB2:
 294              		.loc 1 40 0
 295              		@ Function supports interworking.
 296              		@ args = 0, pretend = 0, frame = 0
 297              		@ frame_needed = 0, uses_anonymous_args = 0
 298              		str	lr, [sp, #-4]!
 299              	.LCFI4:
 300              		.loc 1 41 0
 301 0190 04E02DE5 		mov	r1, #2048
 302              		mov	r0, #0
 303              		bl	vs1002SCIWrite
 304 0194 021BA0E3 		.loc 1 42 0
 305 0198 0000A0E3 		mov	r0, #1
 306 019c FEFFFFEB 		bl	delay_ms
 307              		.loc 1 43 0
 308 01a0 0100A0E3 		ldr	r1, .L34
 309 01a4 FEFFFFEB 		mov	r0, #3
 310              		.loc 1 44 0
 311 01a8 08109FE5 		ldr	lr, [sp], #4
 312 01ac 0300A0E3 		.loc 1 43 0
 313              		b	vs1002SCIWrite
 314 01b0 04E09DE4 	.L35:
 315              		.align	2
 316 01b4 FEFFFFEA 	.L34:
 317              		.word	39268
 318              	.LFE2:
 320 01b8 64990000 		.align	2
 321              		.global	vs1002SCIRead
 323              	vs1002SCIRead:
 324              	.LFB5:
 325              		.loc 1 71 0
 326              		@ Function supports interworking.
 327              		@ args = 0, pretend = 0, frame = 0
 328              		@ frame_needed = 0, uses_anonymous_args = 0
 329              	.LVL11:
 330              		stmfd	sp!, {r4, r5, r6, r7, lr}
 331              	.LCFI5:
 332              		.loc 1 73 0
 333 01bc F0402DE9 		ldr	r7, .L38
 334              		mov	r6, #1048576
 335              		.loc 1 71 0
 336 01c0 4C709FE5 		and	r4, r0, #255
 337 01c4 0166A0E3 		.loc 1 73 0
 338              		str	r6, [r7, #12]
 339 01c8 FF4000E2 		.loc 1 76 0
 340              		mov	r0, #3
 341 01cc 0C6087E5 	.LVL12:
 342              		bl	SPI0_send
 343 01d0 0300A0E3 		.loc 1 77 0
 344              		mov	r0, r4
 345 01d4 FEFFFFEB 		bl	SPI0_send
 346              		.loc 1 78 0
 347 01d8 0400A0E1 		bl	SPI0_recv
 348 01dc FEFFFFEB 		.loc 1 79 0
 349              		mov	r4, r0, asl #24
 350 01e0 FEFFFFEB 	.LVL13:
 351              		.loc 1 80 0
 352 01e4 004CA0E1 		bl	SPI0_recv
 353              		.loc 1 82 0
 354              		str	r6, [r7, #4]
 355 01e8 FEFFFFEB 		.loc 1 80 0
 356              		mov	r5, r0
 357 01ec 046087E5 		.loc 1 84 0
 358              		mov	r0, #1
 359 01f0 0050A0E1 		bl	delay_ms
 360              		.loc 1 79 0
 361 01f4 0100A0E3 		mov	r4, r4, lsr #16
 362 01f8 FEFFFFEB 	.LVL14:
 363              		.loc 1 84 0
 364 01fc 2448A0E1 		orr	r4, r4, r5
 365              	.LVL15:
 366              		mov	r4, r4, asl #16
 367 0200 054084E1 		.loc 1 86 0
 368              		mov	r0, r4, lsr #16
 369 0204 0448A0E1 		ldmfd	sp!, {r4, r5, r6, r7, lr}
 370              		bx	lr
 371 0208 2408A0E1 	.L39:
 372 020c F040BDE8 		.align	2
 373 0210 1EFF2FE1 	.L38:
 374              		.word	-536707072
 375              	.LFE5:
 377 0214 008002E0 		.align	2
 378              		.global	vs1002SetVolume
 380              	vs1002SetVolume:
 381              	.LFB9:
 382              		.loc 1 140 0
 383              		@ Function supports interworking.
 384              		@ args = 0, pretend = 0, frame = 0
 385              		@ frame_needed = 0, uses_anonymous_args = 0
 386              	.LVL16:
 387              		stmfd	sp!, {r4, lr}
 388              	.LCFI6:
 389              		.loc 1 140 0
 390 0218 10402DE9 		and	r4, r0, #255
 391              		.loc 1 143 0
 392              		mov	r0, #11
 393 021c FF4000E2 	.LVL17:
 394              		bl	vs1002SCIRead
 395 0220 0B00A0E3 		.loc 1 144 0
 396              		cmp	r4, #49
 397 0224 FEFFFFEB 		bne	.L41
 398              	.LVL18:
 399 0228 310054E3 		.loc 1 146 0
 400 022c 0400001A 		sub	r3, r0, #2048
 401              		sub	r3, r3, #8
 402              		mov	r3, r3, asl #16
 403 0230 023B40E2 		.loc 1 145 0
 404 0234 083043E2 		cmp	r0, #0
 405 0238 0338A0E1 		b	.L48
 406              	.LVL19:
 407 023c 000050E3 	.L41:
 408 0240 040000EA 	.LVL20:
 409              		.loc 1 150 0
 410              		add	r3, r0, #2048
 411              		.loc 1 149 0
 412              		ldr	r2, .L49
 413 0244 023B80E2 		.loc 1 150 0
 414              		add	r3, r3, #8
 415 0248 1C209FE5 		.loc 1 149 0
 416              		cmp	r0, r2
 417 024c 083083E2 		.loc 1 150 0
 418              		mov	r3, r3, asl #16
 419 0250 020050E1 	.L48:
 420              		movne	r0, r3, lsr #16
 421 0254 0338A0E1 		.loc 1 152 0
 422              		mov	r1, r0
 423 0258 2308A011 		mov	r0, #11
 424              	.LVL21:
 425 025c 0010A0E1 		.loc 1 153 0
 426 0260 0B00A0E3 		ldmfd	sp!, {r4, lr}
 427              		.loc 1 152 0
 428              		b	vs1002SCIWrite
 429 0264 1040BDE8 	.LVL22:
 430              	.L50:
 431 0268 FEFFFFEA 		.align	2
 432              	.L49:
 433              		.word	65535
 434              	.LFE9:
 436 026c FFFF0000 		.section	.debug_frame,"",%progbits
 437              	.Lframe0:
 438              		.4byte	.LECIE0-.LSCIE0
 611              	.LLST2:
DEFINED SYMBOLS
                            *ABS*:00000000 vs1002.c
C:\DOCUME~1\Ryan\LOCALS~1\Temp/ccU1aaaa.s:13     .text:00000000 vs1002Config
C:\DOCUME~1\Ryan\LOCALS~1\Temp/ccU1aaaa.s:22     .text:00000000 $a
C:\DOCUME~1\Ryan\LOCALS~1\Temp/ccU1aaaa.s:39     .text:00000024 $d
C:\DOCUME~1\Ryan\LOCALS~1\Temp/ccU1aaaa.s:45     .text:00000028 vs1002Finish
C:\DOCUME~1\Ryan\LOCALS~1\Temp/ccU1aaaa.s:53     .text:00000028 $a
C:\DOCUME~1\Ryan\LOCALS~1\Temp/ccU1aaaa.s:66     .text:00000040 $d
C:\DOCUME~1\Ryan\LOCALS~1\Temp/ccU1aaaa.s:72     .text:00000044 vs1002Reset
C:\DOCUME~1\Ryan\LOCALS~1\Temp/ccU1aaaa.s:78     .text:00000044 $a
C:\DOCUME~1\Ryan\LOCALS~1\Temp/ccU1aaaa.s:101    .text:00000070 $d
C:\DOCUME~1\Ryan\LOCALS~1\Temp/ccU1aaaa.s:107    .text:00000074 vs1002SendMusic
C:\DOCUME~1\Ryan\LOCALS~1\Temp/ccU1aaaa.s:114    .text:00000074 $a
C:\DOCUME~1\Ryan\LOCALS~1\Temp/ccU1aaaa.s:150    .text:000000bc $d
C:\DOCUME~1\Ryan\LOCALS~1\Temp/ccU1aaaa.s:156    .text:000000c0 vs1002SineTest
C:\DOCUME~1\Ryan\LOCALS~1\Temp/ccU1aaaa.s:163    .text:000000c0 $a
C:\DOCUME~1\Ryan\LOCALS~1\Temp/ccU1aaaa.s:207    .text:00000124 $d
C:\DOCUME~1\Ryan\LOCALS~1\Temp/ccU1aaaa.s:213    .text:00000128 vs1002SCIWrite
C:\DOCUME~1\Ryan\LOCALS~1\Temp/ccU1aaaa.s:220    .text:00000128 $a
C:\DOCUME~1\Ryan\LOCALS~1\Temp/ccU1aaaa.s:265    .text:0000017c $d
C:\DOCUME~1\Ryan\LOCALS~1\Temp/ccU1aaaa.s:271    .text:00000180 vs1002Mute
C:\DOCUME~1\Ryan\LOCALS~1\Temp/ccU1aaaa.s:279    .text:00000180 $a
C:\DOCUME~1\Ryan\LOCALS~1\Temp/ccU1aaaa.s:289    .text:0000018c $d
C:\DOCUME~1\Ryan\LOCALS~1\Temp/ccU1aaaa.s:295    .text:00000190 vs1002Init
C:\DOCUME~1\Ryan\LOCALS~1\Temp/ccU1aaaa.s:301    .text:00000190 $a
C:\DOCUME~1\Ryan\LOCALS~1\Temp/ccU1aaaa.s:320    .text:000001b8 $d
C:\DOCUME~1\Ryan\LOCALS~1\Temp/ccU1aaaa.s:326    .text:000001bc vs1002SCIRead
C:\DOCUME~1\Ryan\LOCALS~1\Temp/ccU1aaaa.s:333    .text:000001bc $a
C:\DOCUME~1\Ryan\LOCALS~1\Temp/ccU1aaaa.s:377    .text:00000214 $d
C:\DOCUME~1\Ryan\LOCALS~1\Temp/ccU1aaaa.s:383    .text:00000218 vs1002SetVolume
C:\DOCUME~1\Ryan\LOCALS~1\Temp/ccU1aaaa.s:390    .text:00000218 $a
C:\DOCUME~1\Ryan\LOCALS~1\Temp/ccU1aaaa.s:436    .text:0000026c $d

UNDEFINED SYMBOLS
delay_ms
SPI0_send
SPI0_recv
